<?xml version="1.0" encoding="UTF-8"?>
<testng-results skipped="0" failed="0" ignored="0" total="1" passed="1">
  <reporter-output>
  </reporter-output>
  <suite name="Default suite" duration-ms="14593" started-at="2018-02-23T15:50:42Z" finished-at="2018-02-23T15:50:57Z">
    <groups>
    </groups>
    <test name="Default test" duration-ms="14593" started-at="2018-02-23T15:50:42Z" finished-at="2018-02-23T15:50:57Z">
      <class name="linkdin.TC_Login">
        <test-method status="PASS" signature="init()[pri:0, instance:linkdin.TC_Login@1f27fae]" name="init" is-config="true" duration-ms="5863" started-at="2018-02-23T21:20:42Z" finished-at="2018-02-23T21:20:48Z">
          <reporter-output>
          </reporter-output>
        </test-method> <!-- init -->
        <test-method status="PASS" signature="login()[pri:0, instance:linkdin.TC_Login@1f27fae]" name="login" duration-ms="6027" started-at="2018-02-23T21:20:48Z" finished-at="2018-02-23T21:20:54Z">
          <reporter-output>
          </reporter-output>
        </test-method> <!-- login -->
        <test-method status="PASS" signature="tearDown()[pri:0, instance:linkdin.TC_Login@1f27fae]" name="tearDown" is-config="true" duration-ms="2682" started-at="2018-02-23T21:20:54Z" finished-at="2018-02-23T21:20:57Z">
          <reporter-output>
          </reporter-output>
        </test-method> <!-- tearDown -->
      </class> <!-- linkdin.TC_Login -->
    </test> <!-- Default test -->
  </suite> <!-- Default suite -->
</testng-results>
