<?xml version="1.0" encoding="UTF-8"?>
<!-- Generated by org.testng.reporters.JUnitXMLReporter -->
<testsuite hostname="PRIYANKA-PC" ignored="2" name="Test" tests="1" failures="0" timestamp="22 Feb 2018 16:29:31 GMT" time="19.952" errors="0">
  <testcase name="login" time="8.216" classname="linkdin.TC_Login"/>
  <testcase name="@BeforeTest init" time="0.0" classname="testBase.BaseClass">
    <ignored/>
  </testcase> <!-- @BeforeTest init -->
  <testcase name="@AfterTest tearDown" time="0.0" classname="testBase.BaseClass">
    <ignored/>
  </testcase> <!-- @AfterTest tearDown -->
</testsuite> <!-- Test -->
